Build started 26.04.2013 13:27:05.
     1>Project "D:\Dokumente\Projekte\Entwicklung\Video\DX-OpenGL-Texture\Freeframe-Plugin\RR-DXBridge\Project\FFGLBridge.vcxproj" on node 2 (Build target(s)).
     1>ClCompile:
         C:\Program Files (x86)\Microsoft Visual Studio 11.0\VC\bin\CL.exe /c /I..\Include /Zi /nologo /W3 /WX- /O2 /Oy- /D WIN32 /D NDEBUG /D _WINDOWS /D _USRDLL /D FFGLHEAT_EXPORTS /D _VC80_UPGRADE=0x0710 /D _WINDLL /D _MBCS /Gm- /EHsc /MT /GS /fp:precise /Zc:wchar_t /Zc:forScope /Fo"Release\\" /Fd"Release\vc110.pdb" /Gd /TP /analyze- /errorReport:prompt ..\Source\PluginBase\FFGL.cpp ..\Source\dxConnector.cpp
         FFGL.cpp
         dxConnector.cpp
     1>..\Source\dxConnector.cpp(20): warning C4996: 'strcpy': This function or variable may be unsafe. Consider using strcpy_s instead. To disable deprecation, use _CRT_SECURE_NO_WARNINGS. See online help for details.
                 C:\Program Files (x86)\Microsoft Visual Studio 11.0\VC\include\string.h(110) : see declaration of 'strcpy'
     1>..\Source\dxConnector.cpp(88): warning C4996: 'strcpy': This function or variable may be unsafe. Consider using strcpy_s instead. To disable deprecation, use _CRT_SECURE_NO_WARNINGS. See online help for details.
                 C:\Program Files (x86)\Microsoft Visual Studio 11.0\VC\include\string.h(110) : see declaration of 'strcpy'
         Generating Code...
     1>C:\Program Files (x86)\MSBuild\Microsoft.Cpp\v4.0\V110\Microsoft.CppBuild.targets(1137,5): warning MSB8012: TargetPath(D:\Dokumente\Projekte\Entwicklung\Video\DX-OpenGL-Texture\Freeframe-Plugin\RR-DXBridge\Project\Release\RR_DXTexture.dll) does not match the Linker's OutputFile property value (D:\Dokumente\Projekte\Entwicklung\Video\DX-OpenGL-Texture\Freeframe-Plugin\RR-DXBridge\Binaries\RR_DXTexture.dll). This may cause your project to build incorrectly. To correct this, please make sure that $(OutDir), $(TargetName) and $(TargetExt) property values match the value specified in %(Link.OutputFile).
       Link:
         C:\Program Files (x86)\Microsoft Visual Studio 11.0\VC\bin\link.exe /ERRORREPORT:PROMPT /OUT:"../Binaries/RR_DXTexture.dll" /INCREMENTAL:NO /NOLOGO OpenGL32.lib kernel32.lib user32.lib gdi32.lib winspool.lib comdlg32.lib advapi32.lib shell32.lib ole32.lib oleaut32.lib uuid.lib odbc32.lib odbccp32.lib /DEF:"FFGLPlugins.def" /MANIFEST /MANIFESTUAC:"level='asInvoker' uiAccess='false'" /manifest:embed /DEBUG /PDB:"Release\RR_DXTexture.pdb" /SUBSYSTEM:WINDOWS /OPT:REF /OPT:ICF /TLBID:1 /DYNAMICBASE /NXCOMPAT /IMPLIB:"Release\FFGLHeat.lib" /MACHINE:X86 /SAFESEH /DLL Release\FFGLExtensions.obj
         Release\dxConnector.obj
         Release\FFGL.obj
         Release\FFGLPluginInfo.obj
         Release\FFGLPluginInfoData.obj
         Release\FFGLPluginManager.obj
         Release\FFGLPluginSDK.obj
         "Release\RR-DXGLBridge.obj"
            Creating library Release\FFGLHeat.lib and object Release\FFGLHeat.exp
         FFGLBridge.vcxproj -> D:\Dokumente\Projekte\Entwicklung\Video\DX-OpenGL-Texture\Freeframe-Plugin\RR-DXBridge\Project\Release\RR_DXTexture.dll
     1>Done Building Project "D:\Dokumente\Projekte\Entwicklung\Video\DX-OpenGL-Texture\Freeframe-Plugin\RR-DXBridge\Project\FFGLBridge.vcxproj" (Build target(s)).

Build succeeded.

Time Elapsed 00:00:01.30
